app/build/intermediates/manifest_merge_blame_file/debug/manifest-merger-blame-debug-report.txt
1<?xml version="1.0" encoding="utf-8"?>
2<manifest xmlns:android="http://schemas.android.com/apk/res/android"
3    package="com.example.telas_v1"
4    android:versionCode="1"
5    android:versionName="1.0" >
6
7    <uses-sdk
8        android:minSdkVersion="22"
8-->src\main\AndroidManifest.xml
9        android:targetSdkVersion="29" />
9-->src\main\AndroidManifest.xml
10    <!--
11         The ACCESS_COARSE/FINE_LOCATION permissions are not required to use
12         Google Maps Android API v2, but you must specify either coarse or fine
13         location permissions for the "MyLocation" functionality.
14    -->
15    <uses-permission android:name="android.permission.ACCESS_FINE_LOCATION" />
15-->src\main\AndroidManifest.xml:10:5-79
15-->src\main\AndroidManifest.xml:10:22-76
16    <uses-permission android:name="android.permission.INTERNET" />
16-->src\main\AndroidManifest.xml:11:5-67
16-->src\main\AndroidManifest.xml:11:22-64
17    <uses-permission android:name="android.permission.ACCESS_WIFI_STATE" /> <!-- Although the *SdkVersion is captured in gradle build files, this is required for non gradle builds -->
17-->[com.google.android.libraries.places:places:2.2.0] AndroidManifest.xml:10:5-76
17-->[com.google.android.libraries.places:places:2.2.0] AndroidManifest.xml:10:22-73
18    <!-- <uses-sdk android:minSdkVersion="14" /> -->
19    <uses-permission android:name="android.permission.ACCESS_NETWORK_STATE" />
19-->[com.google.firebase:firebase-firestore:19.0.0] AndroidManifest.xml:13:5-79
19-->[com.google.firebase:firebase-firestore:19.0.0] AndroidManifest.xml:13:22-76
20
21    <uses-feature
21-->[com.google.android.gms:play-services-maps:17.0.0] AndroidManifest.xml:26:5-28:35
22        android:glEsVersion="0x00020000"
22-->[com.google.android.gms:play-services-maps:17.0.0] AndroidManifest.xml:27:9-41
23        android:required="true" />
23-->[com.google.android.gms:play-services-maps:17.0.0] AndroidManifest.xml:28:9-32
24
25    <uses-permission android:name="android.permission.WAKE_LOCK" />
25-->[com.google.android.gms:play-services-measurement:17.5.0] AndroidManifest.xml:25:5-68
25-->[com.google.android.gms:play-services-measurement:17.5.0] AndroidManifest.xml:25:22-65
26    <uses-permission android:name="com.google.android.finsky.permission.BIND_GET_INSTALL_REFERRER_SERVICE" />
26-->[com.google.android.gms:play-services-measurement:17.5.0] AndroidManifest.xml:26:5-110
26-->[com.google.android.gms:play-services-measurement:17.5.0] AndroidManifest.xml:26:22-107
27
28    <application
28-->src\main\AndroidManifest.xml:13:5-60:19
29        android:allowBackup="true"
29-->src\main\AndroidManifest.xml:14:9-35
30        android:appComponentFactory="androidx.core.app.CoreComponentFactory"
30-->[androidx.core:core:1.3.1] AndroidManifest.xml:24:18-86
31        android:debuggable="true"
32        android:icon="@mipmap/ic_launcher"
32-->src\main\AndroidManifest.xml:15:9-43
33        android:label="@string/app_name"
33-->src\main\AndroidManifest.xml:16:9-41
34        android:roundIcon="@mipmap/ic_launcher_round"
34-->src\main\AndroidManifest.xml:17:9-54
35        android:supportsRtl="true"
35-->src\main\AndroidManifest.xml:18:9-35
36        android:testOnly="true"
37        android:theme="@style/AppTheme" >
37-->src\main\AndroidManifest.xml:19:9-40
38        <activity android:name="com.example.telas_v1.users.PerfilTrabalhadorActivity" />
38-->src\main\AndroidManifest.xml:20:9-78
38-->src\main\AndroidManifest.xml:20:19-66
39        <activity android:name="com.example.telas_v1.mensagens.ConversasActivity" />
39-->src\main\AndroidManifest.xml:21:9-65
39-->src\main\AndroidManifest.xml:21:19-62
40        <activity android:name="com.example.telas_v1.PostagemActivity" />
40-->src\main\AndroidManifest.xml:22:9-54
40-->src\main\AndroidManifest.xml:22:19-51
41
42        <uses-library
42-->src\main\AndroidManifest.xml:24:9-26:40
43            android:name="org.apache.http.legacy"
43-->src\main\AndroidManifest.xml:25:13-50
44            android:required="false" />
44-->src\main\AndroidManifest.xml:26:13-37
45        <!--
46             The API key for Google Maps-based APIs is defined as a string resource.
47             (See the file "res/values/google_maps_api.xml").
48             Note that the API key is linked to the encryption key used to sign the APK.
49             You need a different API key for each encryption key, including the release key that is used to
50             sign the APK for publishing.
51             You can define the keys for the debug and release targets in src/debug/ and src/release/.
52        -->
53        <meta-data
53-->src\main\AndroidManifest.xml:35:9-37:55
54            android:name="com.google.android.geo.API_KEY"
54-->src\main\AndroidManifest.xml:36:13-58
55            android:value="@string/google_maps_key" />
55-->src\main\AndroidManifest.xml:37:13-52
56
57        <activity
57-->src\main\AndroidManifest.xml:39:9-41:67
58            android:name="com.example.telas_v1.postagemcliente.MapNewPostActivity"
58-->src\main\AndroidManifest.xml:40:13-63
59            android:label="@string/title_activity_map_new_post" />
59-->src\main\AndroidManifest.xml:41:13-64
60        <activity android:name="com.example.telas_v1.postagemcliente.NovaPostagemClienteActivity" />
60-->src\main\AndroidManifest.xml:42:9-81
60-->src\main\AndroidManifest.xml:42:19-78
61        <activity android:name="com.example.telas_v1.mensagens.ChatActivity" />
61-->src\main\AndroidManifest.xml:43:9-60
61-->src\main\AndroidManifest.xml:43:19-57
62        <activity android:name="com.example.telas_v1.OtherPersonActivity" />
62-->src\main\AndroidManifest.xml:44:9-57
62-->src\main\AndroidManifest.xml:44:19-54
63        <activity android:name="com.example.telas_v1.fragmentosmenu.MenuActivity" />
63-->src\main\AndroidManifest.xml:45:9-65
63-->src\main\AndroidManifest.xml:45:19-62
64        <activity android:name="com.example.telas_v1.startactivitys.RecuperarSenhaActivity" />
64-->src\main\AndroidManifest.xml:46:9-75
64-->src\main\AndroidManifest.xml:46:19-72
65        <activity android:name="com.example.telas_v1.fragmentoscriarconta.CreateActivity" />
65-->src\main\AndroidManifest.xml:47:9-73
65-->src\main\AndroidManifest.xml:47:19-70
66        <activity android:name="com.example.telas_v1.startactivitys.LoginActiviy" />
66-->src\main\AndroidManifest.xml:48:9-65
66-->src\main\AndroidManifest.xml:48:19-62
67        <activity android:name="com.example.telas_v1.startactivitys.MainActivity" >
67-->src\main\AndroidManifest.xml:49:9-55:20
67-->src\main\AndroidManifest.xml:49:19-62
68            <intent-filter>
68-->src\main\AndroidManifest.xml:50:13-54:29
69                <action android:name="android.intent.action.MAIN" />
69-->src\main\AndroidManifest.xml:51:17-69
69-->src\main\AndroidManifest.xml:51:25-66
70
71                <category android:name="android.intent.category.LAUNCHER" />
71-->src\main\AndroidManifest.xml:53:17-77
71-->src\main\AndroidManifest.xml:53:27-74
72            </intent-filter>
73        </activity>
74
75        <meta-data
75-->src\main\AndroidManifest.xml:57:9-59:57
76            android:name="preloaded_fonts"
76-->src\main\AndroidManifest.xml:58:13-43
77            android:resource="@array/preloaded_fonts" />
77-->src\main\AndroidManifest.xml:59:13-54
78
79        <activity
79-->[com.google.android.libraries.places:places:2.2.0] AndroidManifest.xml:14:9-20:20
80            android:name="com.google.android.libraries.places.widget.AutocompleteActivity"
80-->[com.google.android.libraries.places:places:2.2.0] AndroidManifest.xml:15:13-91
81            android:exported="false"
81-->[com.google.android.libraries.places:places:2.2.0] AndroidManifest.xml:16:13-37
82            android:label="@string/places_autocomplete_label"
82-->[com.google.android.libraries.places:places:2.2.0] AndroidManifest.xml:17:13-62
83            android:theme="@style/PlacesAutocompleteOverlay"
83-->[com.google.android.libraries.places:places:2.2.0] AndroidManifest.xml:18:13-61
84            android:windowSoftInputMode="adjustResize" >
84-->[com.google.android.libraries.places:places:2.2.0] AndroidManifest.xml:19:13-55
85        </activity>
86
87        <service
87-->[com.google.firebase:firebase-firestore:19.0.0] AndroidManifest.xml:17:9-21:19
88            android:name="com.google.firebase.components.ComponentDiscoveryService"
88-->[com.google.firebase:firebase-firestore:19.0.0] AndroidManifest.xml:17:18-89
89            android:directBootAware="true"
89-->[com.google.firebase:firebase-common:19.3.1] AndroidManifest.xml:35:13-43
90            android:exported="false" >
90-->[com.google.firebase:firebase-auth:19.3.2] AndroidManifest.xml:35:13-37
91            <meta-data
91-->[com.google.firebase:firebase-firestore:19.0.0] AndroidManifest.xml:18:13-20:85
92                android:name="com.google.firebase.components:com.google.firebase.firestore.FirestoreRegistrar"
92-->[com.google.firebase:firebase-firestore:19.0.0] AndroidManifest.xml:19:17-111
93                android:value="com.google.firebase.components.ComponentRegistrar" />
93-->[com.google.firebase:firebase-firestore:19.0.0] AndroidManifest.xml:20:17-82
94            <meta-data
94-->[com.google.firebase:firebase-auth:19.3.2] AndroidManifest.xml:36:13-38:85
95                android:name="com.google.firebase.components:com.google.firebase.auth.FirebaseAuthRegistrar"
95-->[com.google.firebase:firebase-auth:19.3.2] AndroidManifest.xml:37:17-109
96                android:value="com.google.firebase.components.ComponentRegistrar" />
96-->[com.google.firebase:firebase-auth:19.3.2] AndroidManifest.xml:38:17-82
97            <meta-data
97-->[com.google.firebase:firebase-storage:19.2.0] AndroidManifest.xml:33:13-35:85
98                android:name="com.google.firebase.components:com.google.firebase.storage.StorageRegistrar"
98-->[com.google.firebase:firebase-storage:19.2.0] AndroidManifest.xml:34:17-107
99                android:value="com.google.firebase.components.ComponentRegistrar" />
99-->[com.google.firebase:firebase-storage:19.2.0] AndroidManifest.xml:35:17-82
100            <meta-data
100-->[com.google.android.gms:play-services-measurement-api:17.5.0] AndroidManifest.xml:30:13-32:85
101                android:name="com.google.firebase.components:com.google.firebase.analytics.connector.internal.AnalyticsConnectorRegistrar"
101-->[com.google.android.gms:play-services-measurement-api:17.5.0] AndroidManifest.xml:31:17-139
102                android:value="com.google.firebase.components.ComponentRegistrar" />
102-->[com.google.android.gms:play-services-measurement-api:17.5.0] AndroidManifest.xml:32:17-82
103            <meta-data
103-->[com.google.firebase:firebase-installations:16.3.2] AndroidManifest.xml:17:13-19:85
104                android:name="com.google.firebase.components:com.google.firebase.installations.FirebaseInstallationsRegistrar"
104-->[com.google.firebase:firebase-installations:16.3.2] AndroidManifest.xml:18:17-127
105                android:value="com.google.firebase.components.ComponentRegistrar" />
105-->[com.google.firebase:firebase-installations:16.3.2] AndroidManifest.xml:19:17-82
106        </service>
107
108        <activity
108-->[com.google.firebase:firebase-auth:19.3.2] AndroidManifest.xml:24:9-31:50
109            android:name="com.google.firebase.auth.internal.FederatedSignInActivity"
109-->[com.google.firebase:firebase-auth:19.3.2] AndroidManifest.xml:25:13-85
110            android:excludeFromRecents="true"
110-->[com.google.firebase:firebase-auth:19.3.2] AndroidManifest.xml:26:13-46
111            android:exported="true"
111-->[com.google.firebase:firebase-auth:19.3.2] AndroidManifest.xml:27:13-36
112            android:launchMode="singleTask"
112-->[com.google.firebase:firebase-auth:19.3.2] AndroidManifest.xml:28:13-44
113            android:permission="com.google.firebase.auth.api.gms.permission.LAUNCH_FEDERATED_SIGN_IN"
113-->[com.google.firebase:firebase-auth:19.3.2] AndroidManifest.xml:29:13-102
114            android:theme="@android:style/Theme.Translucent.NoTitleBar" />
114-->[com.google.firebase:firebase-auth:19.3.2] AndroidManifest.xml:30:13-72
115
116        <provider
116-->[com.squareup.picasso:picasso:2.71828] AndroidManifest.xml:8:9-11:40
117            android:name="com.squareup.picasso.PicassoProvider"
117-->[com.squareup.picasso:picasso:2.71828] AndroidManifest.xml:9:13-64
118            android:authorities="com.example.telas_v1.com.squareup.picasso"
118-->[com.squareup.picasso:picasso:2.71828] AndroidManifest.xml:10:13-72
119            android:exported="false" />
119-->[com.squareup.picasso:picasso:2.71828] AndroidManifest.xml:11:13-37
120
121        <activity
121-->[com.google.android.gms:play-services-base:17.1.0] AndroidManifest.xml:23:9-26:75
122            android:name="com.google.android.gms.common.api.GoogleApiActivity"
122-->[com.google.android.gms:play-services-base:17.1.0] AndroidManifest.xml:24:13-79
123            android:exported="false"
123-->[com.google.android.gms:play-services-base:17.1.0] AndroidManifest.xml:25:13-37
124            android:theme="@android:style/Theme.Translucent.NoTitleBar" />
124-->[com.google.android.gms:play-services-base:17.1.0] AndroidManifest.xml:26:13-72
125
126        <receiver
126-->[com.google.android.gms:play-services-measurement:17.5.0] AndroidManifest.xml:29:9-33:20
127            android:name="com.google.android.gms.measurement.AppMeasurementReceiver"
127-->[com.google.android.gms:play-services-measurement:17.5.0] AndroidManifest.xml:30:13-85
128            android:enabled="true"
128-->[com.google.android.gms:play-services-measurement:17.5.0] AndroidManifest.xml:31:13-35
129            android:exported="false" >
129-->[com.google.android.gms:play-services-measurement:17.5.0] AndroidManifest.xml:32:13-37
130        </receiver>
131
132        <service
132-->[com.google.android.gms:play-services-measurement:17.5.0] AndroidManifest.xml:35:9-38:40
133            android:name="com.google.android.gms.measurement.AppMeasurementService"
133-->[com.google.android.gms:play-services-measurement:17.5.0] AndroidManifest.xml:36:13-84
134            android:enabled="true"
134-->[com.google.android.gms:play-services-measurement:17.5.0] AndroidManifest.xml:37:13-35
135            android:exported="false" />
135-->[com.google.android.gms:play-services-measurement:17.5.0] AndroidManifest.xml:38:13-37
136        <service
136-->[com.google.android.gms:play-services-measurement:17.5.0] AndroidManifest.xml:39:9-43:72
137            android:name="com.google.android.gms.measurement.AppMeasurementJobService"
137-->[com.google.android.gms:play-services-measurement:17.5.0] AndroidManifest.xml:40:13-87
138            android:enabled="true"
138-->[com.google.android.gms:play-services-measurement:17.5.0] AndroidManifest.xml:41:13-35
139            android:exported="false"
139-->[com.google.android.gms:play-services-measurement:17.5.0] AndroidManifest.xml:42:13-37
140            android:permission="android.permission.BIND_JOB_SERVICE" />
140-->[com.google.android.gms:play-services-measurement:17.5.0] AndroidManifest.xml:43:13-69
141
142        <provider
142-->[com.google.firebase:firebase-common:19.3.1] AndroidManifest.xml:26:9-31:39
143            android:name="com.google.firebase.provider.FirebaseInitProvider"
143-->[com.google.firebase:firebase-common:19.3.1] AndroidManifest.xml:27:13-77
144            android:authorities="com.example.telas_v1.firebaseinitprovider"
144-->[com.google.firebase:firebase-common:19.3.1] AndroidManifest.xml:28:13-72
145            android:directBootAware="true"
145-->[com.google.firebase:firebase-common:19.3.1] AndroidManifest.xml:29:13-43
146            android:exported="false"
146-->[com.google.firebase:firebase-common:19.3.1] AndroidManifest.xml:30:13-37
147            android:initOrder="100" />
147-->[com.google.firebase:firebase-common:19.3.1] AndroidManifest.xml:31:13-36
148
149        <meta-data
149-->[com.google.android.gms:play-services-basement:17.0.0] AndroidManifest.xml:23:9-25:69
150            android:name="com.google.android.gms.version"
150-->[com.google.android.gms:play-services-basement:17.0.0] AndroidManifest.xml:24:13-58
151            android:value="@integer/google_play_services_version" />
151-->[com.google.android.gms:play-services-basement:17.0.0] AndroidManifest.xml:25:13-66
152
153        <service
153-->[com.google.android.datatransport:transport-backend-cct:2.1.0] AndroidManifest.xml:29:9-35:19
154            android:name="com.google.android.datatransport.runtime.backends.TransportBackendDiscovery"
154-->[com.google.android.datatransport:transport-backend-cct:2.1.0] AndroidManifest.xml:30:13-103
155            android:exported="false" >
155-->[com.google.android.datatransport:transport-backend-cct:2.1.0] AndroidManifest.xml:31:13-37
156            <meta-data
156-->[com.google.android.datatransport:transport-backend-cct:2.1.0] AndroidManifest.xml:32:13-34:39
157                android:name="backend:com.google.android.datatransport.cct.CctBackendFactory"
157-->[com.google.android.datatransport:transport-backend-cct:2.1.0] AndroidManifest.xml:33:17-94
158                android:value="cct" />
158-->[com.google.android.datatransport:transport-backend-cct:2.1.0] AndroidManifest.xml:34:17-36
159        </service>
160        <service
160-->[com.google.android.datatransport:transport-runtime:2.1.0] AndroidManifest.xml:26:9-30:19
161            android:name="com.google.android.datatransport.runtime.scheduling.jobscheduling.JobInfoSchedulerService"
161-->[com.google.android.datatransport:transport-runtime:2.1.0] AndroidManifest.xml:27:13-117
162            android:exported="false"
162-->[com.google.android.datatransport:transport-runtime:2.1.0] AndroidManifest.xml:28:13-37
163            android:permission="android.permission.BIND_JOB_SERVICE" >
163-->[com.google.android.datatransport:transport-runtime:2.1.0] AndroidManifest.xml:29:13-69
164        </service>
165
166        <receiver
166-->[com.google.android.datatransport:transport-runtime:2.1.0] AndroidManifest.xml:32:9-34:40
167            android:name="com.google.android.datatransport.runtime.scheduling.jobscheduling.AlarmManagerSchedulerBroadcastReceiver"
167-->[com.google.android.datatransport:transport-runtime:2.1.0] AndroidManifest.xml:33:13-132
168            android:exported="false" />
168-->[com.google.android.datatransport:transport-runtime:2.1.0] AndroidManifest.xml:34:13-37
169
170        <provider
170-->[androidx.lifecycle:lifecycle-process:2.2.0] AndroidManifest.xml:25:9-29:43
171            android:name="androidx.lifecycle.ProcessLifecycleOwnerInitializer"
171-->[androidx.lifecycle:lifecycle-process:2.2.0] AndroidManifest.xml:26:13-79
172            android:authorities="com.example.telas_v1.lifecycle-process"
172-->[androidx.lifecycle:lifecycle-process:2.2.0] AndroidManifest.xml:27:13-69
173            android:exported="false"
173-->[androidx.lifecycle:lifecycle-process:2.2.0] AndroidManifest.xml:28:13-37
174            android:multiprocess="true" />
174-->[androidx.lifecycle:lifecycle-process:2.2.0] AndroidManifest.xml:29:13-40
175    </application>
176
177</manifest>